2020-12-28 18:12:977 INFO  HomePage :34 - Mouse Hover on buy+sell : [[ChromeDriver: chrome on WINDOWS (fba6bb124abe922e02202742b1831a4e)] -> xpath: //a[contains(text(),'buy + sell')]]
2020-12-28 18:12:492 INFO  SearchCarPage :35 - Select car brand : [[ChromeDriver: chrome on WINDOWS (fba6bb124abe922e02202742b1831a4e)] -> xpath: //select[@id='makes']]
2020-12-28 18:12:988 INFO  SearchCarPage :42 - Select car model : [[ChromeDriver: chrome on WINDOWS (fba6bb124abe922e02202742b1831a4e)] -> xpath: //select[@id='models']]
2020-12-28 18:12:199 INFO  SearchCarPage :49 - Select car location : [[ChromeDriver: chrome on WINDOWS (fba6bb124abe922e02202742b1831a4e)] -> xpath: //select[@id='locations']]
2020-12-28 18:12:440 INFO  SearchCarPage :56 - Select car maximum price : [[ChromeDriver: chrome on WINDOWS (fba6bb124abe922e02202742b1831a4e)] -> xpath: //select[@id='priceTo']]
2020-12-28 18:12:628 INFO  SearchCarPage :63 - Submit search criteria : [[ChromeDriver: chrome on WINDOWS (fba6bb124abe922e02202742b1831a4e)] -> xpath: //input[@id='search-submit']]
2020-12-28 18:12:513 INFO  SeachCarResultPage :21 - Get text from search result : [[ChromeDriver: chrome on WINDOWS (fba6bb124abe922e02202742b1831a4e)] -> xpath: //h1[@class = "listing-search-title"]]
2020-12-28 18:12:948 INFO  SeachCarResultPage :28 - Get title of page : 
2020-12-28 18:12:929 INFO  HomePage :34 - Mouse Hover on buy+sell : [[ChromeDriver: chrome on WINDOWS (eec5a3fcaab506e77c8a0bb474d98696)] -> xpath: //a[contains(text(),'buy + sell')]]
2020-12-28 18:12:307 INFO  SearchCarPage :35 - Select car brand : [[ChromeDriver: chrome on WINDOWS (eec5a3fcaab506e77c8a0bb474d98696)] -> xpath: //select[@id='makes']]
2020-12-28 18:12:668 INFO  SearchCarPage :42 - Select car model : [[ChromeDriver: chrome on WINDOWS (eec5a3fcaab506e77c8a0bb474d98696)] -> xpath: //select[@id='models']]
2020-12-28 18:12:853 INFO  SearchCarPage :49 - Select car location : [[ChromeDriver: chrome on WINDOWS (eec5a3fcaab506e77c8a0bb474d98696)] -> xpath: //select[@id='locations']]
2020-12-28 18:12:64 INFO  SearchCarPage :56 - Select car maximum price : [[ChromeDriver: chrome on WINDOWS (eec5a3fcaab506e77c8a0bb474d98696)] -> xpath: //select[@id='priceTo']]
2020-12-28 18:12:221 INFO  SearchCarPage :63 - Submit search criteria : [[ChromeDriver: chrome on WINDOWS (eec5a3fcaab506e77c8a0bb474d98696)] -> xpath: //input[@id='search-submit']]
2020-12-28 18:12:280 INFO  SeachCarResultPage :21 - Get text from search result : [[ChromeDriver: chrome on WINDOWS (eec5a3fcaab506e77c8a0bb474d98696)] -> xpath: //h1[@class = "listing-search-title"]]
2020-12-28 18:12:317 INFO  SeachCarResultPage :28 - Get title of page : 
2020-12-28 18:12:272 INFO  HomePage :34 - Mouse Hover on buy+sell : [[ChromeDriver: chrome on WINDOWS (af446b1990e8478fc2f0ee584523c762)] -> xpath: //a[contains(text(),'buy + sell')]]
2020-12-28 18:12:761 INFO  SearchCarPage :35 - Select car brand : [[ChromeDriver: chrome on WINDOWS (af446b1990e8478fc2f0ee584523c762)] -> xpath: //select[@id='makes']]
2020-12-28 18:12:124 INFO  SearchCarPage :42 - Select car model : [[ChromeDriver: chrome on WINDOWS (af446b1990e8478fc2f0ee584523c762)] -> xpath: //select[@id='models']]
2020-12-28 18:12:320 INFO  SearchCarPage :49 - Select car location : [[ChromeDriver: chrome on WINDOWS (af446b1990e8478fc2f0ee584523c762)] -> xpath: //select[@id='locations']]
2020-12-28 18:12:529 INFO  SearchCarPage :56 - Select car maximum price : [[ChromeDriver: chrome on WINDOWS (af446b1990e8478fc2f0ee584523c762)] -> xpath: //select[@id='priceTo']]
2020-12-28 18:12:730 INFO  SearchCarPage :63 - Submit search criteria : [[ChromeDriver: chrome on WINDOWS (af446b1990e8478fc2f0ee584523c762)] -> xpath: //input[@id='search-submit']]
2020-12-28 18:12:405 INFO  SeachCarResultPage :21 - Get text from search result : [[ChromeDriver: chrome on WINDOWS (af446b1990e8478fc2f0ee584523c762)] -> xpath: //h1[@class = "listing-search-title"]]
2020-12-28 18:12:438 INFO  SeachCarResultPage :28 - Get title of page : 
2020-12-28 18:12:326 INFO  HomePage :34 - Mouse Hover on buy+sell : [[ChromeDriver: chrome on WINDOWS (a3df37b6131647576020094b8a021510)] -> xpath: //a[contains(text(),'buy + sell')]]
2020-12-28 18:12:188 INFO  SearchCarPage :35 - Select car brand : [[ChromeDriver: chrome on WINDOWS (a3df37b6131647576020094b8a021510)] -> xpath: //select[@id='makes']]
2020-12-28 18:12:413 INFO  SearchCarPage :42 - Select car model : [[ChromeDriver: chrome on WINDOWS (a3df37b6131647576020094b8a021510)] -> xpath: //select[@id='models']]
2020-12-28 18:12:978 INFO  SearchCarPage :49 - Select car location : [[ChromeDriver: chrome on WINDOWS (a3df37b6131647576020094b8a021510)] -> xpath: //select[@id='locations']]
2020-12-28 18:12:176 INFO  SearchCarPage :56 - Select car maximum price : [[ChromeDriver: chrome on WINDOWS (a3df37b6131647576020094b8a021510)] -> xpath: //select[@id='priceTo']]
2020-12-28 18:12:345 INFO  SearchCarPage :63 - Submit search criteria : [[ChromeDriver: chrome on WINDOWS (a3df37b6131647576020094b8a021510)] -> xpath: //input[@id='search-submit']]
2020-12-28 18:12:527 INFO  SeachCarResultPage :21 - Get text from search result : [[ChromeDriver: chrome on WINDOWS (a3df37b6131647576020094b8a021510)] -> xpath: //h1[@class = "listing-search-title"]]
2020-12-28 18:12:45 INFO  SeachCarResultPage :28 - Get title of page : 
2020-12-29 14:12:21 INFO  HomePage :34 - Mouse Hover on buy+sell : [[ChromeDriver: chrome on WINDOWS (b1640b6346c588a9833d6a435ae8add4)] -> xpath: //a[contains(text(),'buy + sell')]]
2020-12-29 14:12:360 INFO  SearchCarPage :35 - Select car brand : [[ChromeDriver: chrome on WINDOWS (b1640b6346c588a9833d6a435ae8add4)] -> xpath: //select[@id='makes']]
2020-12-29 14:12:509 INFO  SearchCarPage :42 - Select car model : [[ChromeDriver: chrome on WINDOWS (b1640b6346c588a9833d6a435ae8add4)] -> xpath: //select[@id='models']]
2020-12-29 14:12:771 INFO  SearchCarPage :49 - Select car location : [[ChromeDriver: chrome on WINDOWS (b1640b6346c588a9833d6a435ae8add4)] -> xpath: //select[@id='locations']]
2020-12-29 14:12:74 INFO  SearchCarPage :56 - Select car maximum price : [[ChromeDriver: chrome on WINDOWS (b1640b6346c588a9833d6a435ae8add4)] -> xpath: //select[@id='priceTo']]
2020-12-29 14:12:352 INFO  SearchCarPage :63 - Submit search criteria : [[ChromeDriver: chrome on WINDOWS (b1640b6346c588a9833d6a435ae8add4)] -> xpath: //input[@id='search-submit']]
2020-12-29 14:12:773 INFO  SeachCarResultPage :21 - Get text from search result : [[ChromeDriver: chrome on WINDOWS (b1640b6346c588a9833d6a435ae8add4)] -> xpath: //h1[@class = "listing-search-title"]]
2020-12-29 14:12:834 INFO  SeachCarResultPage :28 - Get title of page : 
2020-12-29 14:12:399 INFO  HomePage :34 - Mouse Hover on buy+sell : [[ChromeDriver: chrome on WINDOWS (f10e3fb92dfe0624d4ae828e669dc787)] -> xpath: //a[contains(text(),'buy + sell')]]
2020-12-29 14:12:698 INFO  SearchCarPage :35 - Select car brand : [[ChromeDriver: chrome on WINDOWS (f10e3fb92dfe0624d4ae828e669dc787)] -> xpath: //select[@id='makes']]
2020-12-29 14:12:180 INFO  SearchCarPage :42 - Select car model : [[ChromeDriver: chrome on WINDOWS (f10e3fb92dfe0624d4ae828e669dc787)] -> xpath: //select[@id='models']]
2020-12-29 14:12:823 INFO  SearchCarPage :49 - Select car location : [[ChromeDriver: chrome on WINDOWS (f10e3fb92dfe0624d4ae828e669dc787)] -> xpath: //select[@id='locations']]
2020-12-29 14:12:53 INFO  SearchCarPage :56 - Select car maximum price : [[ChromeDriver: chrome on WINDOWS (f10e3fb92dfe0624d4ae828e669dc787)] -> xpath: //select[@id='priceTo']]
2020-12-29 14:12:350 INFO  SearchCarPage :63 - Submit search criteria : [[ChromeDriver: chrome on WINDOWS (f10e3fb92dfe0624d4ae828e669dc787)] -> xpath: //input[@id='search-submit']]
2020-12-29 14:12:922 INFO  SeachCarResultPage :21 - Get text from search result : [[ChromeDriver: chrome on WINDOWS (f10e3fb92dfe0624d4ae828e669dc787)] -> xpath: //h1[@class = "listing-search-title"]]
2020-12-29 14:12:994 INFO  SeachCarResultPage :28 - Get title of page : 
2020-12-29 19:12:847 INFO  HomePage :34 - Mouse Hover on buy+sell : [[ChromeDriver: chrome on WINDOWS (57bd2e11d983d6f88e3f056242040998)] -> xpath: //a[contains(text(),'buy + sell')]]
2020-12-29 19:12:751 INFO  SearchCarsPage :35 - Select car brand : [[ChromeDriver: chrome on WINDOWS (57bd2e11d983d6f88e3f056242040998)] -> xpath: //select[@id='makes']]
2020-12-29 19:12:156 INFO  SearchCarsPage :42 - Select car model : [[ChromeDriver: chrome on WINDOWS (57bd2e11d983d6f88e3f056242040998)] -> xpath: //select[@id='models']]
2020-12-29 19:12:709 INFO  SearchCarsPage :49 - Select car location : [[ChromeDriver: chrome on WINDOWS (57bd2e11d983d6f88e3f056242040998)] -> xpath: //select[@id='locations']]
2020-12-29 19:12:926 INFO  SearchCarsPage :56 - Select car maximum price : [[ChromeDriver: chrome on WINDOWS (57bd2e11d983d6f88e3f056242040998)] -> xpath: //select[@id='priceTo']]
2020-12-29 19:12:117 INFO  SearchCarsPage :63 - Submit search criteria : [[ChromeDriver: chrome on WINDOWS (57bd2e11d983d6f88e3f056242040998)] -> xpath: //input[@id='search-submit']]
2020-12-29 19:12:918 INFO  SearchCarsResultPage :21 - Get text from search result : [[ChromeDriver: chrome on WINDOWS (57bd2e11d983d6f88e3f056242040998)] -> xpath: //h1[@class = "listing-search-title"]]
2020-12-29 19:12:964 INFO  SearchCarsResultPage :28 - Get title of page : 
2020-12-29 19:12:522 INFO  HomePage :34 - Mouse Hover on buy+sell : [[ChromeDriver: chrome on WINDOWS (89c273c0aaa924e02cdf7a5426c2d69a)] -> xpath: //a[contains(text(),'buy + sell')]]
2020-12-29 19:12:90 INFO  SearchCarsPage :35 - Select car brand : [[ChromeDriver: chrome on WINDOWS (89c273c0aaa924e02cdf7a5426c2d69a)] -> xpath: //select[@id='makes']]
2020-12-29 19:12:417 INFO  SearchCarsPage :42 - Select car model : [[ChromeDriver: chrome on WINDOWS (89c273c0aaa924e02cdf7a5426c2d69a)] -> xpath: //select[@id='models']]
2020-12-29 19:12:654 INFO  SearchCarsPage :49 - Select car location : [[ChromeDriver: chrome on WINDOWS (89c273c0aaa924e02cdf7a5426c2d69a)] -> xpath: //select[@id='locations']]
2020-12-29 19:12:826 INFO  SearchCarsPage :56 - Select car maximum price : [[ChromeDriver: chrome on WINDOWS (89c273c0aaa924e02cdf7a5426c2d69a)] -> xpath: //select[@id='priceTo']]
2020-12-29 19:12:983 INFO  SearchCarsPage :63 - Submit search criteria : [[ChromeDriver: chrome on WINDOWS (89c273c0aaa924e02cdf7a5426c2d69a)] -> xpath: //input[@id='search-submit']]
2020-12-29 19:12:864 INFO  SearchCarsResultPage :21 - Get text from search result : [[ChromeDriver: chrome on WINDOWS (89c273c0aaa924e02cdf7a5426c2d69a)] -> xpath: //h1[@class = "listing-search-title"]]
2020-12-29 19:12:898 INFO  SearchCarsResultPage :28 - Get title of page : 
2020-12-29 19:12:167 INFO  HomePage :34 - Mouse Hover on buy+sell : [[ChromeDriver: chrome on WINDOWS (a6d4e4faad5c5ad43e30cf31571e3975)] -> xpath: //a[contains(text(),'buy + sell')]]
2020-12-29 19:12:708 INFO  SearchCarsPage :35 - Select car brand : [[ChromeDriver: chrome on WINDOWS (a6d4e4faad5c5ad43e30cf31571e3975)] -> xpath: //select[@id='makes']]
2020-12-29 19:12:134 INFO  SearchCarsPage :42 - Select car model : [[ChromeDriver: chrome on WINDOWS (a6d4e4faad5c5ad43e30cf31571e3975)] -> xpath: //select[@id='models']]
2020-12-29 19:12:444 INFO  SearchCarsPage :49 - Select car location : [[ChromeDriver: chrome on WINDOWS (a6d4e4faad5c5ad43e30cf31571e3975)] -> xpath: //select[@id='locations']]
2020-12-29 19:12:597 INFO  SearchCarsPage :56 - Select car maximum price : [[ChromeDriver: chrome on WINDOWS (a6d4e4faad5c5ad43e30cf31571e3975)] -> xpath: //select[@id='priceTo']]
2020-12-29 19:12:774 INFO  SearchCarsPage :63 - Submit search criteria : [[ChromeDriver: chrome on WINDOWS (a6d4e4faad5c5ad43e30cf31571e3975)] -> xpath: //input[@id='search-submit']]
2020-12-29 19:12:642 INFO  SearchCarsResultPage :21 - Get text from search result : [[ChromeDriver: chrome on WINDOWS (a6d4e4faad5c5ad43e30cf31571e3975)] -> xpath: //h1[@class = "listing-search-title"]]
2020-12-29 19:12:824 INFO  SearchCarsResultPage :28 - Get title of page : 
2020-12-29 19:12:854 INFO  HomePage :34 - Mouse Hover on buy+sell : [[ChromeDriver: chrome on WINDOWS (9f5231c1cd18f2e471d89f1fdface525)] -> xpath: //a[contains(text(),'buy + sell')]]
2020-12-29 19:12:864 INFO  SearchCarsPage :35 - Select car brand : [[ChromeDriver: chrome on WINDOWS (9f5231c1cd18f2e471d89f1fdface525)] -> xpath: //select[@id='makes']]
2020-12-29 19:12:524 INFO  SearchCarsPage :42 - Select car model : [[ChromeDriver: chrome on WINDOWS (9f5231c1cd18f2e471d89f1fdface525)] -> xpath: //select[@id='models']]
2020-12-29 19:12:695 INFO  SearchCarsPage :49 - Select car location : [[ChromeDriver: chrome on WINDOWS (9f5231c1cd18f2e471d89f1fdface525)] -> xpath: //select[@id='locations']]
2020-12-29 19:12:878 INFO  SearchCarsPage :56 - Select car maximum price : [[ChromeDriver: chrome on WINDOWS (9f5231c1cd18f2e471d89f1fdface525)] -> xpath: //select[@id='priceTo']]
2020-12-29 19:12:53 INFO  SearchCarsPage :63 - Submit search criteria : [[ChromeDriver: chrome on WINDOWS (9f5231c1cd18f2e471d89f1fdface525)] -> xpath: //input[@id='search-submit']]
2020-12-29 19:12:58 INFO  SearchCarsResultPage :21 - Get text from search result : [[ChromeDriver: chrome on WINDOWS (9f5231c1cd18f2e471d89f1fdface525)] -> xpath: //h1[@class = "listing-search-title"]]
2020-12-29 19:12:89 INFO  SearchCarsResultPage :28 - Get title of page : 
